Build started 2015-10-28 7:06:40 PM.
     1>Project "C:\text\CustomVector\CustomVector\CustomVector.vcxproj" on node 2 (Build target(s)).
     1>ClCompile:
         C:\Program Files (x86)\Microsoft Visual Studio 12.0\VC\bin\CL.exe /c /ZI /nologo /W3 /WX- /sdl /Od /Oy- /D _MBCS /Gm /EHsc /RTC1 /MDd /GS /fp:precise /Zc:wchar_t /Zc:forScope /Fo"Debug\\" /Fd"Debug\vc120.pdb" /Gd /TP /analyze- /errorReport:prompt main.cpp
         main.cpp
     1>c:\text\customvector\customvector\main.cpp(12): warning C4018: '<' : signed/unsigned mismatch
     1>c:\text\customvector\customvector\arturvector.cpp(130): warning C4018: '<' : signed/unsigned mismatch
                 c:\text\customvector\customvector\arturvector.cpp(123) : while compiling class template member function 'void artur::arturVector<int>::push_back(const T &)'
                 with
                 [
                     T=int
                 ]
                 c:\text\customvector\customvector\main.cpp(7) : see reference to function template instantiation 'void artur::arturVector<int>::push_back(const T &)' being compiled
                 with
                 [
                     T=int
                 ]
                 c:\text\customvector\customvector\main.cpp(6) : see reference to class template instantiation 'artur::arturVector<int>' being compiled
     1>c:\text\customvector\customvector\arturvector.cpp(140): warning C4018: '<' : signed/unsigned mismatch
       Link:
         C:\Program Files (x86)\Microsoft Visual Studio 12.0\VC\bin\link.exe /ERRORREPORT:PROMPT /OUT:"C:\text\CustomVector\Debug\CustomVector.exe" /INCREMENTAL /NOLOGO kernel32.lib user32.lib gdi32.lib winspool.lib comdlg32.lib advapi32.lib shell32.lib ole32.lib oleaut32.lib uuid.lib odbc32.lib odbccp32.lib /MANIFEST /MANIFESTUAC:"level='asInvoker' uiAccess='false'" /manifest:embed /DEBUG /PDB:"C:\text\CustomVector\Debug\CustomVector.pdb" /TLBID:1 /DYNAMICBASE /NXCOMPAT /IMPLIB:"C:\text\CustomVector\Debug\CustomVector.lib" /MACHINE:X86 Debug\ArturVector.obj
         Debug\main.obj
         CustomVector.vcxproj -> C:\text\CustomVector\Debug\CustomVector.exe
     1>Done Building Project "C:\text\CustomVector\CustomVector\CustomVector.vcxproj" (Build target(s)).

Build succeeded.

Time Elapsed 00:00:02.28
